kotlin version: 2.0.0
error message: org.jetbrains.kotlin.backend.common.BackendException: Backend Internal error: Exception during IR lowering
File being compiled: C:/Users/hkary/AndroidStudioProjects/FarmAi/voice_input/src/main/java/com/himanshu_arya/voice_input/presentation/screen/SpeechToTextScreen.kt
The root cause java.lang.RuntimeException was thrown at: org.jetbrains.kotlin.backend.jvm.codegen.FunctionCodegen.generate(FunctionCodegen.kt:50)
	at org.jetbrains.kotlin.backend.common.CodegenUtil.reportBackendException(CodegenUtil.kt:253)
	at org.jetbrains.kotlin.backend.common.CodegenUtil.reportBackendException$default(CodegenUtil.kt:236)
	at org.jetbrains.kotlin.backend.common.phaser.PerformByIrFilePhase.invokeSequential(performByIrFile.kt:65)
	at org.jetbrains.kotlin.backend.common.phaser.PerformByIrFilePhase.invoke(performByIrFile.kt:52)
	at org.jetbrains.kotlin.backend.common.phaser.PerformByIrFilePhase.invoke(performByIrFile.kt:38)
	at org.jetbrains.kotlin.backend.common.phaser.NamedCompilerPhase.phaseBody(CompilerPhase.kt:166)
	at org.jetbrains.kotlin.backend.common.phaser.AbstractNamedCompilerPhase.invoke(CompilerPhase.kt:113)
	at org.jetbrains.kotlin.backend.common.phaser.CompositePhase.invoke(PhaseBuilders.kt:29)
	at org.jetbrains.kotlin.backend.common.phaser.CompositePhase.invoke(PhaseBuilders.kt:16)
	at org.jetbrains.kotlin.backend.common.phaser.NamedCompilerPhase.phaseBody(CompilerPhase.kt:166)
	at org.jetbrains.kotlin.backend.common.phaser.AbstractNamedCompilerPhase.invoke(CompilerPhase.kt:113)
	at org.jetbrains.kotlin.backend.common.phaser.CompilerPhaseKt.invokeToplevel(CompilerPhase.kt:62)
	at org.jetbrains.kotlin.backend.jvm.JvmIrCodegenFactory.invokeCodegen(JvmIrCodegenFactory.kt:371)
	at org.jetbrains.kotlin.codegen.CodegenFactory.generateModule(CodegenFactory.kt:47)
	at org.jetbrains.kotlin.backend.jvm.JvmIrCodegenFactory.generateModuleInFrontendIRMode(JvmIrCodegenFactory.kt:433)
	at org.jetbrains.kotlin.cli.jvm.compiler.pipeline.JvmCompilerPipelineKt.generateCodeFromIr(jvmCompilerPipeline.kt:241)
	at org.jetbrains.kotlin.cli.jvm.compiler.pipeline.JvmCompilerPipelineKt.compileModulesUsingFrontendIrAndLightTree(jvmCompilerPipeline.kt:140)
	at org.jetbrains.kotlin.cli.jvm.K2JVMCompiler.doExecute(K2JVMCompiler.kt:155)
	at org.jetbrains.kotlin.cli.jvm.K2JVMCompiler.doExecute(K2JVMCompiler.kt:50)
	at org.jetbrains.kotlin.cli.common.CLICompiler.execImpl(CLICompiler.kt:104)
	at org.jetbrains.kotlin.cli.common.CLICompiler.execImpl(CLICompiler.kt:48)
	at org.jetbrains.kotlin.cli.common.CLITool.exec(CLITool.kt:101)
	at org.jetbrains.kotlin.incremental.IncrementalJvmCompilerRunner.runCompiler(IncrementalJvmCompilerRunner.kt:453)
	at org.jetbrains.kotlin.incremental.IncrementalJvmCompilerRunner.runCompiler(IncrementalJvmCompilerRunner.kt:62)
	at org.jetbrains.kotlin.incremental.IncrementalCompilerRunner.doCompile(IncrementalCompilerRunner.kt:506)
	at org.jetbrains.kotlin.incremental.IncrementalCompilerRunner.compileImpl(IncrementalCompilerRunner.kt:423)
	at org.jetbrains.kotlin.incremental.IncrementalCompilerRunner.compileNonIncrementally(IncrementalCompilerRunner.kt:301)
	at org.jetbrains.kotlin.incremental.IncrementalCompilerRunner.compile(IncrementalCompilerRunner.kt:129)
	at org.jetbrains.kotlin.daemon.CompileServiceImplBase.execIncrementalCompiler(CompileServiceImpl.kt:676)
	at org.jetbrains.kotlin.daemon.CompileServiceImplBase.access$execIncrementalCompiler(CompileServiceImpl.kt:92)
	at org.jetbrains.kotlin.daemon.CompileServiceImpl.compile(CompileServiceImpl.kt:1661)
	at java.base/jdk.internal.reflect.DirectMethodHandleAccessor.invoke(Unknown Source)
	at java.base/java.lang.reflect.Method.invoke(Unknown Source)
	at java.rmi/sun.rmi.server.UnicastServerRef.dispatch(Unknown Source)
	at java.rmi/sun.rmi.transport.Transport$1.run(Unknown Source)
	at java.rmi/sun.rmi.transport.Transport$1.run(Unknown Source)
	at java.base/java.security.AccessController.doPrivileged(Unknown Source)
	at java.rmi/sun.rmi.transport.Transport.serviceCall(Unknown Source)
	at java.rmi/sun.rmi.transport.tcp.TCPTransport.handleMessages(Unknown Source)
	at java.rmi/sun.rmi.transport.tcp.TCPTransport$ConnectionHandler.run0(Unknown Source)
	at java.rmi/sun.rmi.transport.tcp.TCPTransport$ConnectionHandler.lambda$run$0(Unknown Source)
	at java.base/java.security.AccessController.doPrivileged(Unknown Source)
	at java.rmi/sun.rmi.transport.tcp.TCPTransport$ConnectionHandler.run(Unknown Source)
	at java.base/java.util.concurrent.ThreadPoolExecutor.runWorker(Unknown Source)
	at java.base/java.util.concurrent.ThreadPoolExecutor$Worker.run(Unknown Source)
	at java.base/java.lang.Thread.run(Unknown Source)
Caused by: java.lang.RuntimeException: Exception while generating code for:
FUN name:SpeechToTextScreen visibility:public modality:FINAL <> (viewModel:com.himanshu_arya.voice_input.presentation.viewmodel.SpeechToTextViewModel) returnType:kotlin.Unit
  annotations:
    Composable
  VALUE_PARAMETER name:viewModel index:0 type:com.himanshu_arya.voice_input.presentation.viewmodel.SpeechToTextViewModel
    EXPRESSION_BODY
      ERROR_EXPR 'Default Stub' type=com.himanshu_arya.voice_input.presentation.viewmodel.SpeechToTextViewModel
  BLOCK_BODY
    VAR name:context type:android.content.Context [val]
      CALL 'public final fun <get-current> (): T of androidx.compose.runtime.CompositionLocal [inline] declared in androidx.compose.runtime.CompositionLocal' type=android.content.Context origin=GET_PROPERTY
        $this: TYPE_OP type=androidx.compose.runtime.CompositionLocal<T of androidx.compose.runtime.CompositionLocal> origin=IMPLICIT_CAST typeOperand=androidx.compose.runtime.CompositionLocal<T of androidx.compose.runtime.CompositionLocal>
          CALL 'public final fun <get-LocalContext> (): androidx.compose.runtime.ProvidableCompositionLocal<android.content.Context> declared in androidx.compose.ui.platform.AndroidCompositionLocals_androidKt' type=androidx.compose.runtime.ProvidableCompositionLocal<android.content.Context> origin=GET_PROPERTY
    VAR name:lifecycleOwner type:androidx.lifecycle.LifecycleOwner [val]
      CALL 'public final fun <get-current> (): T of androidx.compose.runtime.CompositionLocal [inline] declared in androidx.compose.runtime.CompositionLocal' type=androidx.lifecycle.LifecycleOwner origin=GET_PROPERTY
        $this: TYPE_OP type=androidx.compose.runtime.CompositionLocal<T of androidx.compose.runtime.CompositionLocal> origin=IMPLICIT_CAST typeOperand=androidx.compose.runtime.CompositionLocal<T of androidx.compose.runtime.CompositionLocal>
          CALL 'public final fun <get-LocalLifecycleOwner> (): androidx.compose.runtime.ProvidableCompositionLocal<androidx.lifecycle.LifecycleOwner> declared in androidx.compose.ui.platform.AndroidCompositionLocals_androidKt' type=androidx.compose.runtime.ProvidableCompositionLocal<androidx.lifecycle.LifecycleOwner> origin=GET_PROPERTY
    VAR PROPERTY_DELEGATE name:transcriptionState$delegate type:androidx.compose.runtime.State<com.himanshu_arya.voice_input.presentation.viewmodel.TranscriptionState> [val]
      TYPE_OP type=androidx.compose.runtime.State<com.himanshu_arya.voice_input.presentation.viewmodel.TranscriptionState> origin=IMPLICIT_CAST typeOperand=androidx.compose.runtime.State<com.himanshu_arya.voice_input.presentation.viewmodel.TranscriptionState>
        CALL 'public final fun collectAsState$default <T> (context: kotlin.coroutines.CoroutineContext?, $mask0: kotlin.Int, $handler: kotlin.Any?): androidx.compose.runtime.State<T of androidx.compose.runtime.SnapshotStateKt.collectAsState$default> declared in androidx.compose.runtime.SnapshotStateKt' type=androidx.compose.runtime.State<T of androidx.compose.runtime.SnapshotStateKt.collectAsState$default> origin=DEFAULT_DISPATCH_CALL
          <T>: com.himanshu_arya.voice_input.presentation.viewmodel.TranscriptionState
          $receiver: CALL 'public final fun <get-transcriptionState> (): kotlinx.coroutines.flow.StateFlow<com.himanshu_arya.voice_input.presentation.viewmodel.TranscriptionState> declared in com.himanshu_arya.voice_input.presentation.viewmodel.SpeechToTextViewModel' type=kotlinx.coroutines.flow.StateFlow<com.himanshu_arya.voice_input.presentation.viewmodel.TranscriptionState> origin=GET_PROPERTY
            $this: GET_VAR 'viewModel: com.himanshu_arya.voice_input.presentation.viewmodel.SpeechToTextViewModel declared in com.himanshu_arya.voice_input.presentation.screen.SpeechToTextScreenKt.SpeechToTextScreen' type=com.himanshu_arya.voice_input.presentation.viewmodel.SpeechToTextViewModel origin=null
          context: COMPOSITE type=kotlin.coroutines.CoroutineContext? origin=DEFAULT_VALUE
            CONST Null type=kotlin.coroutines.CoroutineContext? value=null
          $mask0: CONST Int type=kotlin.Int value=1
          $handler: CONST Null type=kotlin.Any? value=null
    VAR PROPERTY_DELEGATE name:isRecording$delegate type:androidx.compose.runtime.MutableState<kotlin.Boolean> [val]
      CALL 'public final fun remember <T> (calculation: @[DisallowComposableCalls] kotlin.Function0<T of androidx.compose.runtime.ComposablesKt.remember>): T of androidx.compose.runtime.ComposablesKt.remember [inline] declared in androidx.compose.runtime.ComposablesKt' type=androidx.compose.runtime.MutableState<kotlin.Boolean> origin=null
        <T>: androidx.compose.runtime.MutableState<kotlin.Boolean>
        calculation: BLOCK type=kotlin.Function0<androidx.compose.runtime.MutableState<kotlin.Boolean>> origin=LAMBDA
          COMPOSITE type=kotlin.Unit origin=null
          FUNCTION_REFERENCE 'private final fun SpeechToTextScreen$lambda$1 (): androidx.compose.runtime.MutableState<kotlin.Boolean> declared in com.himanshu_arya.voice_input.presentation.screen.SpeechToTextScreenKt' type=kotlin.Function0<androidx.compose.runtime.MutableState<kotlin.Boolean>> origin=INLINE_LAMBDA reflectionTarget=null
    VAR PROPERTY_DELEGATE name:audioRecord$delegate type:androidx.compose.runtime.MutableState<android.media.AudioRecord?> [val]
      CALL 'public final fun remember <T> (calculation: @[DisallowComposableCalls] kotlin.Function0<T of androidx.compose.runtime.ComposablesKt.remember>): T of androidx.compose.runtime.ComposablesKt.remember [inline] declared in androidx.compose.runtime.ComposablesKt' type=androidx.compose.runtime.MutableState<android.media.AudioRecord?> origin=null
        <T>: androidx.compose.runtime.MutableState<android.media.AudioRecord?>
        calculation: BLOCK type=kotlin.Function0<androidx.compose.runtime.MutableState<android.media.AudioRecord?>> origin=LAMBDA
          COMPOSITE type=kotlin.Unit origin=null
          FUNCTION_REFERENCE 'private final fun SpeechToTextScreen$lambda$4 (): androidx.compose.runtime.MutableState<android.media.AudioRecord?> declared in com.himanshu_arya.voice_input.presentation.screen.SpeechToTextScreenKt' type=kotlin.Function0<androidx.compose.runtime.MutableState<android.media.AudioRecord?>> origin=INLINE_LAMBDA reflectionTarget=null
    VAR name:audioData type:androidx.compose.runtime.snapshots.SnapshotStateList<kotlin.ByteArray> [val]
      CALL 'public final fun remember <T> (calculation: @[DisallowComposableCalls] kotlin.Function0<T of androidx.compose.runtime.ComposablesKt.remember>): T of androidx.compose.runtime.ComposablesKt.remember [inline] declared in androidx.compose.runtime.ComposablesKt' type=androidx.compose.runtime.snapshots.SnapshotStateList<kotlin.ByteArray> origin=null
        <T>: androidx.compose.runtime.snapshots.SnapshotStateList<kotlin.ByteArray>
        calculation: BLOCK type=kotlin.Function0<androidx.compose.runtime.snapshots.SnapshotStateList<kotlin.ByteArray>> origin=LAMBDA
          COMPOSITE type=kotlin.Unit origin=null
          FUNCTION_REFERENCE 'private final fun SpeechToTextScreen$lambda$7 (): androidx.compose.runtime.snapshots.SnapshotStateList<kotlin.ByteArray> declared in com.himanshu_arya.voice_input.presentation.screen.SpeechToTextScreenKt' type=kotlin.Function0<androidx.compose.runtime.snapshots.SnapshotStateList<kotlin.ByteArray>> origin=INLINE_LAMBDA reflectionTarget=null
    VAR name:coroutineScope type:kotlinx.coroutines.CoroutineScope [val]
      CALL 'public final fun rememberCoroutineScope$default (getContext: @[DisallowComposableCalls] kotlin.Function0<kotlin.coroutines.CoroutineContext>?, $mask0: kotlin.Int, $handler: kotlin.Any?): kotlinx.coroutines.CoroutineScope [inline] declared in androidx.compose.runtime.EffectsKt' type=kotlinx.coroutines.CoroutineScope origin=DEFAULT_DISPATCH_CALL
        getContext: COMPOSITE type=@[DisallowComposableCalls] kotlin.Function0<kotlin.coroutines.CoroutineContext>? origin=DEFAULT_VALUE
          CONST Null type=@[DisallowComposableCalls] kotlin.Function0<kotlin.coroutines.CoroutineContext>? value=null
        $mask0: CONST Int type=kotlin.Int value=1
        $handler: CONST Null type=kotlin.Any? value=null
    VAR name:sampleRate type:kotlin.Int [val]
      CONST Int type=kotlin.Int value=16000
    VAR name:channelConfig type:kotlin.Int [val]
      CONST Int type=kotlin.Int value=16
    VAR name:audioFormat type:kotlin.Int [val]
      CONST Int type=kotlin.Int value=2
    VAR name:minBufferSize type:kotlin.Int [val]
      CALL 'public final fun remember <T> (calculation: @[DisallowComposableCalls] kotlin.Function0<T of androidx.compose.runtime.ComposablesKt.remember>): T of androidx.compose.runtime.ComposablesKt.remember [inline] declared in androidx.compose.runtime.ComposablesKt' type=kotlin.Int origin=null
        <T>: kotlin.Int
        calculation: BLOCK type=kotlin.Function0<kotlin.Int> origin=LAMBDA
          COMPOSITE type=kotlin.Unit origin=null
          FUNCTION_REFERENCE 'private final fun SpeechToTextScreen$lambda$8 ($sampleRate: kotlin.Int, $channelConfig: kotlin.Int, $audioFormat: kotlin.Int): kotlin.Int declared in com.himanshu_arya.voice_input.presentation.screen.SpeechToTextScreenKt' type=kotlin.Function0<kotlin.Int> origin=INLINE_LAMBDA reflectionTarget=null
            $sampleRate: GET_VAR 'val sampleRate: kotlin.Int [val] declared in com.himanshu_arya.voice_input.presentation.screen.SpeechToTextScreenKt.SpeechToTextScreen' type=kotlin.Int origin=null
            $channelConfig: GET_VAR 'val channelConfig: kotlin.Int [val] declared in com.himanshu_arya.voice_input.presentation.screen.SpeechToTextScreenKt.SpeechToTextScreen' type=kotlin.Int origin=null
            $audioFormat: GET_VAR 'val audioFormat: kotlin.Int [val] declared in com.himanshu_arya.voice_input.presentation.screen.SpeechToTextScreenKt.SpeechToTextScreen' type=kotlin.Int origin=null
    VAR PROPERTY_DELEGATE name:hasAudioPermission$delegate type:androidx.compose.runtime.MutableState<kotlin.Boolean> [val]
      CALL 'public final fun remember <T> (calculation: @[DisallowComposableCalls] kotlin.Function0<T of androidx.compose.runtime.ComposablesKt.remember>): T of androidx.compose.runtime.ComposablesKt.remember [inline] declared in androidx.compose.runtime.ComposablesKt' type=androidx.compose.runtime.MutableState<kotlin.Boolean> origin=null
        <T>: androidx.compose.runtime.MutableState<kotlin.Boolean>
        calculation: BLOCK type=kotlin.Function0<androidx.compose.runtime.MutableState<kotlin.Boolean>> origin=LAMBDA
          COMPOSITE type=kotlin.Unit origin=null
          FUNCTION_REFERENCE 'private final fun SpeechToTextScreen$lambda$9 ($context: android.content.Context): androidx.compose.runtime.MutableState<kotlin.Boolean> declared in com.himanshu_arya.voice_input.presentation.screen.SpeechToTextScreenKt' type=kotlin.Function0<androidx.compose.runtime.MutableState<kotlin.Boolean>> origin=INLINE_LAMBDA reflectionTarget=null
            $context: GET_VAR 'val context: android.content.Context [val] declared in com.himanshu_arya.voice_input.presentation.screen.SpeechToTextScreenKt.SpeechToTextScreen' type=android.content.Context origin=null
    VAR name:permissionLauncher type:androidx.activity.compose.ManagedActivityResultLauncher<kotlin.String, kotlin.Boolean> [val]
      CALL 'public final fun rememberLauncherForActivityResult <I, O> (contract: androidx.activity.result.contract.ActivityResultContract<I of androidx.activity.compose.ActivityResultRegistryKt.rememberLauncherForActivityResult, O of androidx.activity.compose.ActivityResultRegistryKt.rememberLauncherForActivityResult>, onResult: kotlin.Function1<O of androidx.activity.compose.ActivityResultRegistryKt.rememberLauncherForActivityResult, kotlin.Unit>): androidx.activity.compose.ManagedActivityResultLauncher<I of androidx.activity.compose.ActivityResultRegistryKt.rememberLauncherForActivityResult, O of androidx.activity.compose.ActivityResultRegistryKt.rememberLauncherForActivityResult> declared in androidx.activity.compose.ActivityResultRegistryKt' type=androidx.activity.compose.ManagedActivityResultLauncher<kotlin.String, kotlin.Boolean> origin=null
        <I>: kotlin.String
        <O>: kotlin.Boolean
        contract: CONSTRUCTOR_CALL 'public constructor <init> () [primary] declared in androidx.activity.result.contract.ActivityResultContracts.RequestPermission' type=androidx.activity.result.contract.ActivityResultContracts.RequestPermission origin=null
        onResult: BLOCK type=kotlin.Function1<kotlin.Boolean, kotlin.Unit> origin=LAMBDA
          COMPOSITE type=kotlin.Unit origin=null
          CALL 'public final fun <jvm-indy> <T> (dynamicCall: T of kotlin.jvm.internal.<jvm-indy>, bootstrapMethodHandle: kotlin.Any, vararg bootstrapMethodArguments: kotlin.Any): T of kotlin.jvm.internal.<jvm-indy> declared in kotlin.jvm.internal' type=kotlin.Function1<kotlin.Boolean, kotlin.Unit> origin=null
            <T>: kotlin.Function1<kotlin.Boolean, kotlin.Unit>
            dynamicCall: CALL 'public final fun invoke (p0: androidx.compose.runtime.MutableState<kotlin.Boolean>): kotlin.Function1<kotlin.Boolean, kotlin.Unit> declared in kotlin.jvm.internal.invokeDynamic' type=kotlin.Function1<kotlin.Boolean, kotlin.Unit> origin=null
              p0: GET_VAR 'val hasAudioPermission$delegate: androidx.compose.runtime.MutableState<kotlin.Boolean> [val] declared in com.himanshu_arya.voice_input.presentation.screen.SpeechToTextScreenKt.SpeechToTextScreen' type=androidx.compose.runtime.MutableState<kotlin.Boolean> origin=null
            bootstrapMethodHandle: CALL 'public final fun <jvm-method-handle> (tag: kotlin.Int, owner: kotlin.String, name: kotlin.String, descriptor: kotlin.String, isInterface: kotlin.Boolean): kotlin.Any declared in kotlin.jvm.internal' type=kotlin.Any origin=null
              tag: CONST Int type=kotlin.Int value=6
              owner: CONST String type=kotlin.String value="java/lang/invoke/LambdaMetafactory"
              name: CONST String type=kotlin.String value="metafactory"
              descriptor: CONST String type=kotlin.String value="(Ljava/lang/invoke/MethodHandles$Lookup;Ljava/lang/String;Ljava/lang/invoke/MethodType;Ljava/lang/invoke/MethodType;Ljava/lang/invoke/MethodHandle;Ljava/lang/invoke/MethodType;)Ljava/lang/invoke/CallSite;"
              isInterface: CONST Boolean type=kotlin.Boolean value=false
            bootstrapMethodArguments: VARARG type=kotlin.Array<kotlin.Any> varargElementType=kotlin.Any
              CALL 'public final fun <jvm-original-method-type> (method: kotlin.Any): kotlin.Any declared in kotlin.jvm.internal' type=kotlin.Any origin=null
                method: RAW_FUNCTION_REFERENCE 'public abstract fun invoke (p1: P1 of kotlin.Function1): R of kotlin.Function1 [operator] declared in kotlin.Function1' type=kotlin.Any
              RAW_FUNCTION_REFERENCE 'private final fun SpeechToTextScreen$lambda$12 ($hasAudioPermission$delegate: androidx.compose.runtime.MutableState<kotlin.Boolean>, granted: kotlin.Boolean): kotlin.Unit? declared in com.himanshu_arya.voice_input.presentation.screen.SpeechToTextScreenKt' type=kotlin.Any
              CALL 'public final fun <jvm-original-method-type> (method: kotlin.Any): kotlin.Any declared in kotlin.jvm.internal' type=kotlin.Any origin=null
                method: RAW_FUNCTION_REFERENCE 'public abstract fun invoke (p1: kotlin.Boolean?): kotlin.Unit? [fake_override,operator] declared in kotlin.jvm.internal.invokeDynamic.<fake>' type=kotlin.Any
    CALL 'public final fun LaunchedEffect (key1: kotlin.Any?, block: @[ExtensionFunctionType] kotlin.coroutines.SuspendFunction1<kotlinx.coroutines.CoroutineScope, kotlin.Unit>): kotlin.Unit declared in androidx.compose.runtime.EffectsKt' type=kotlin.Unit origin=null
      key1: CONST Boolean type=kotlin.Boolean value=true
      block: BLOCK type=com.himanshu_arya.voice_input.presentation.screen.SpeechToTextScreenKt.SpeechToTextScreen.<no name provided> origin=null
        CLASS SUSPEND_LAMBDA CLASS name:<no name provided> modality:FINAL visibility:public/*package*/ superTypes:[kotlin.coroutines.jvm.internal.SuspendLambda; kotlin.jvm.functions.Function2<kotlinx.coroutines.CoroutineScope, kotlin.coroutines.Continuation<kotlin.Unit>?, kotlin.Any?>]
          $this: VALUE_PARAMETER INSTANCE_RECEIVER name:<this> type:com.himanshu_arya.voice_input.presentation.screen.SpeechToTextScreenKt.SpeechToTextScreen.<no name provided>
          FIELD name:label type:kotlin.Int visibility:public/*package*/
          CONSTRUCTOR SUSPEND_LAMBDA visibility:public/*package*/ <> ($permissionLauncher:androidx.activity.compose.ManagedActivityResultLauncher<kotlin.String, kotlin.Boolean>, $hasAudioPermission$delegate:androidx.compose.runtime.MutableState<kotlin.Boolean>, $completion:kotlin.coroutines.Continuation<com.himanshu_arya.voice_input.presentation.screen.SpeechToTextScreenKt.SpeechToTextScreen.<no name provided>>?) returnType:com.himanshu_arya.voice_input.presentation.screen.SpeechToTextScreenKt.SpeechToTextScreen.<no name provided> [primary]
            VALUE_PARAMETER BOUND_VALUE_PARAMETER name:$permissionLauncher index:0 type:androidx.activity.compose.ManagedActivityResultLauncher<kotlin.String, kotlin.Boolean>
            VALUE_PARAMETER BOUND_VALUE_PARAMETER name:$hasAudioPermission$delegate index:1 type:androidx.compose.runtime.MutableState<kotlin.Boolean>
            VALUE_PARAMETER name:$completion index:2 type:kotlin.coroutines.Continuation<com.himanshu_arya.voice_input.presentation.screen.SpeechToTextScreenKt.SpeechToTextScreen.<no name provided>>?
            BLOCK_BODY
              SET_FIELD 'FIELD FIELD_FOR_CAPTURED_VALUE name:$permissionLauncher type:androidx.activity.compose.ManagedActivityResultLauncher<kotlin.String, kotlin.Boolean> visibility:public/*package*/ [final]' type=kotlin.Unit origin=INITIALIZER_OF_FIELD_FOR_CAPTURED_VALUE
                receiver: GET_VAR '<this>: com.himanshu_arya.voice_input.presentation.screen.SpeechToTextScreenKt.SpeechToTextScreen.<no name provided> declared in com.himanshu_arya.voice_input.presentation.screen.SpeechToTextScreenKt.SpeechToTextScreen.<no name provided>' type=com.himanshu_arya.voice_input.presentation.screen.SpeechToTextScreenKt.SpeechToTextScreen.<no name provided> origin=null
                value: GET_VAR '$permissionLauncher: androidx.activity.compose.ManagedActivityResultLauncher<kotlin.String, kotlin.Boolean> declared in com.himanshu_arya.voice_input.presentation.screen.SpeechToTextScreenKt.SpeechToTextScreen.<no name provided>.<init>' type=androidx.activity.compose.ManagedActivityResultLauncher<kotlin.String, kotlin.Boolean> origin=null
              SET_FIELD 'FIELD FIELD_FOR_CAPTURED_VALUE name:$hasAudioPermission$delegate type:androidx.compose.runtime.MutableState<kotlin.Boolean> visibility:public/*package*/ [final]' type=kotlin.Unit origin=INITIALIZER_OF_FIELD_FOR_CAPTURED_VALUE
                receiver: GET_VAR '<this>: com.himanshu_arya.voice_input.presentation.screen.SpeechToTextScreenKt.SpeechToTextScreen.<no name provided> declared in com.himanshu_arya.voice_input.presentation.screen.SpeechToTextScreenKt.SpeechToTextScreen.<no name provided>' type=com.himanshu_arya.voice_input.presentation.screen.SpeechToTextScreenKt.SpeechToTextScreen.<no name provided> origin=null
                value: GET_VAR '$hasAudioPermission$delegate: androidx.compose.runtime.MutableState<kotlin.Boolean> declared in com.himanshu_arya.voice_input.presentation.screen.SpeechToTextScreenKt.SpeechToTextScreen.<no name provided>.<init>' type=androidx.compose.runtime.MutableState<kotlin.Boolean> origin=null
              DELEGATING_CONSTRUCTOR_CALL 'public constructor <init> (arity: kotlin.Int, $completion: kotlin.coroutines.Continuation<kotlin.Any?>?) declared in kotlin.coroutines.jvm.internal.SuspendLambda'
                arity: CONST Int type=kotlin.Int value=2
                $completion: GET_VAR '$completion: kotlin.coroutines.Continuation<com.himanshu_arya.voice_input.presentation.screen.SpeechToTextScreenKt.SpeechToTextScreen.<no name provided>>? declared in com.himanshu_arya.voice_input.presentation.screen.SpeechToTextScreenKt.SpeechToTextScreen.<no name provided>.<init>' type=kotlin.coroutines.Continuation<com.himanshu_arya.voice_input.presentation.screen.SpeechToTextScreenKt.SpeechToTextScreen.<no name provided>>? origin=null
              BLOCK type=kotlin.Unit origin=null
          FUN name:invokeSuspend visibility:public modality:FINAL <> ($this:com.himanshu_arya.voice_input.presentation.screen.SpeechToTextScreenKt.SpeechToTextScreen.<no name provided>, $result:kotlin.Result<kotlin.Any?>) returnType:kotlin.Any?
            overridden:
              protected abstract fun invokeSuspend ($result: kotlin.Result<kotlin.Any?>): kotlin.Any? declared in kotlin.coroutines.jvm.internal.SuspendLambda
            $this: VALUE_PARAMETER INSTANCE_RECEIVER name:<this> type:com.himanshu_arya.voice_input.presentation.screen.SpeechToTextScreenKt.SpeechToTextScreen.<no name provided>
            VALUE_PARAMETER name:$result index:0 type:kotlin.Result<kotlin.Any?>
            BLOCK_BODY
              WHEN type=kotlin.Unit origin=IF
                BRANCH
                  if: CALL 'public final fun not (): kotlin.Boolean [operator] declared in kotlin.Boolean' type=kotlin.Boolean origin=null
                    $this: CALL 'public final fun access$SpeechToTextScreen$lambda$10 ($hasAudioPermission$delegate: androidx.compose.runtime.MutableState<kotlin.Boolean>): kotlin.Boolean declared in com.himanshu_arya.voice_input.presentation.screen.SpeechToTextScreenKt' type=kotlin.Boolean origin=GET_LOCAL_PROPERTY
                      $hasAudioPermission$delegate: GET_FIELD 'FIELD FIELD_FOR_CAPTURED_VALUE name:$hasAudioPermission$delegate type:androidx.compose.runtime.MutableState<kotlin.Boolean> visibility:public/*package*/ [final]' type=androidx.compose.runtime.MutableState<kotlin.Boolean> origin=null
                        receiver: GET_VAR '<this>: com.himanshu_arya.voice_input.presentation.screen.SpeechToTextScreenKt.SpeechToTextScreen.<no name provided> declared in com.himanshu_arya.voice_input.presentation.screen.SpeechToTextScreenKt.SpeechToTextScreen.<no name provided>.invokeSuspend' type=com.himanshu_arya.voice_input.presentation.screen.SpeechToTextScreenKt.SpeechToTextScreen.<no name provided> origin=null
                  then: BLOCK type=kotlin.Unit origin=null
                    CALL 'public open fun launch (p0: @[FlexibleNullability] I of androidx.activity.compose.ManagedActivityResultLauncher?): kotlin.Unit [fake_override] declared in androidx.activity.compose.ManagedActivityResultLauncher' type=kotlin.Unit origin=null
                      $this: GET_FIELD 'FIELD FIELD_FOR_CAPTURED_VALUE name:$permissionLauncher type:androidx.activity.compose.ManagedActivityResultLauncher<kotlin.String, kotlin.Boolean> visibility:public/*package*/ [final]' type=androidx.activity.compose.ManagedActivityResultLauncher<kotlin.String, kotlin.Boolean> origin=null
                        receiver: GET_VAR '<this>: com.himanshu_arya.voice_input.presentation.screen.SpeechToTextScreenKt.SpeechToTextScreen.<no name provided> declared in com.himanshu_arya.voice_input.presentation.screen.SpeechToTextScreenKt.SpeechToTextScreen.<no name provided>.invokeSuspend' type=com.himanshu_arya.voice_input.presentation.screen.SpeechToTextScreenKt.SpeechToTextScreen.<no name provided> origin=null
                      p0: CONST String type=kotlin.String value="android.permission.RECORD_AUDIO"
          FUN name:create visibility:public modality:FINAL <> ($this:com.himanshu_arya.voice_input.presentation.screen.SpeechToTextScreenKt.SpeechToTextScreen.<no name provided>, value:kotlin.Any?, $completion:kotlin.coroutines.Continuation<kotlin.Nothing>) returnType:kotlin.coroutines.Continuation<kotlin.Unit>
            overridden:
              public open fun create (value: kotlin.Any?, $completion: kotlin.coroutines.Continuation<kotlin.Nothing>): kotlin.coroutines.Continuation<kotlin.Unit> declared in kotlin.coroutines.jvm.internal.SuspendLambda
            $this: VALUE_PARAMETER INSTANCE_RECEIVER name:<this> type:com.himanshu_arya.voice_input.presentation.screen.SpeechToTextScreenKt.SpeechToTextScreen.<no name provided>
            VALUE_PARAMETER name:value index:0 type:kotlin.Any?
            VALUE_PARAMETER name:$completion index:1 type:kotlin.coroutines.Continuation<kotlin.Nothing>
            BLOCK_BODY
              RETURN type=kotlin.Nothing from='public final fun create (value: kotlin.Any?, $completion: kotlin.coroutines.Continuation<kotlin.Nothing>): kotlin.coroutines.Continuation<kotlin.Unit> declared in com.himanshu_arya.voice_input.presentation.screen.SpeechToTextScreenKt.SpeechToTextScreen.<no name provided>'
                CONSTRUCTOR_CALL 'public/*package*/ constructor <init> ($permissionLauncher: androidx.activity.compose.ManagedActivityResultLauncher<kotlin.String, kotlin.Boolean>, $hasAudioPermission$delegate: androidx.compose.runtime.MutableState<kotlin.Boolean>, $completion: kotlin.coroutines.Continuation<com.himanshu_arya.voice_input.presentation.screen.SpeechToTextScreenKt.SpeechToTextScreen.<no name provided>>?) [primary] declared in com.himanshu_arya.voice_input.presentation.screen.SpeechToTextScreenKt.SpeechToTextScreen.<no name provided>' type=com.himanshu_arya.voice_input.presentation.screen.SpeechToTextScreenKt.SpeechToTextScreen.<no name provided> origin=null
                  $permissionLauncher: GET_FIELD 'FIELD FIELD_FOR_CAPTURED_VALUE name:$permissionLauncher type:androidx.activity.compose.ManagedActivityResultLauncher<kotlin.String, kotlin.Boolean> visibility:public/*package*/ [final]' type=androidx.activity.compose.ManagedActivityResultLauncher<kotlin.String, kotlin.Boolean> origin=null
                    receiver: GET_VAR '<this>: com.himanshu_arya.voice_input.presentation.screen.SpeechToTextScreenKt.SpeechToTextScreen.<no name provided> declared in com.himanshu_arya.voice_input.presentation.screen.SpeechToTextScreenKt.SpeechToTextScreen.<no name provided>.create' type=com.himanshu_arya.voice_input.presentation.screen.SpeechToTextScreenKt.SpeechToTextScreen.<no name provided> origin=null
                  $hasAudioPermission$delegate: GET_FIELD 'FIELD FIELD_FOR_CAPTURED_VALUE name:$hasAudioPermission$delegate type:androidx.compose.runtime.MutableState<kotlin.Boolean> visibility:public/*package*/ [final]' type=androidx.compose.runtime.MutableState<kotlin.Boolean> origin=null
                    receiver: GET_VAR '<this>: com.himanshu_arya.voice_input.presentation.screen.SpeechToTextScreenKt.SpeechToTextScreen.<no name provided> declared in com.himanshu_arya.voice_input.presentation.screen.SpeechToTextScreenKt.SpeechToTextScreen.<no name provided>.create' type=com.himanshu_arya.voice_input.presentation.screen.SpeechToTextScreenKt.SpeechToTextScreen.<no name provided> origin=null
                  $completion: GET_VAR '$completion: kotlin.coroutines.Continuation<kotlin.Nothing> declared in com.himanshu_arya.voice_input.presentation.screen.SpeechToTextScreenKt.SpeechToTextScreen.<no name provided>.create' type=kotlin.coroutines.Continuation<kotlin.Nothing> origin=null
          FUN name:invoke visibility:public modality:FINAL <> ($this:com.himanshu_arya.voice_input.presentation.screen.SpeechToTextScreenKt.SpeechToTextScreen.<no name provided>, p1:kotlinx.coroutines.CoroutineScope, p2:kotlin.coroutines.Continuation<kotlin.Unit>?) returnType:kotlin.Any?
            overridden:
              public abstract fun invoke (p1: P1 of kotlin.jvm.functions.Function2, p2: P2 of kotlin.jvm.functions.Function2): R of kotlin.jvm.functions.Function2 declared in kotlin.jvm.functions.Function2
            $this: VALUE_PARAMETER INSTANCE_RECEIVER name:<this> type:com.himanshu_arya.voice_input.presentation.screen.SpeechToTextScreenKt.SpeechToTextScreen.<no name provided>
            VALUE_PARAMETER name:p1 index:0 type:kotlinx.coroutines.CoroutineScope
            VALUE_PARAMETER name:p2 index:1 type:kotlin.coroutines.Continuation<kotlin.Unit>?
            BLOCK_BODY
              RETURN type=kotlin.Nothing from='public final fun invoke (p1: kotlinx.coroutines.CoroutineScope, p2: kotlin.coroutines.Continuation<kotlin.Unit>?): kotlin.Any? declared in com.himanshu_arya.voice_input.presentation.screen.SpeechToTextScreenKt.SpeechToTextScreen.<no name provided>'
                CALL 'public final fun invokeSuspend ($result: kotlin.Result<kotlin.Any?>): kotlin.Any? declared in com.himanshu_arya.voice_input.presentation.screen.SpeechToTextScreenKt.SpeechToTextScreen.<no name provided>' type=kotlin.Any? origin=null
                  $this: TYPE_OP type=com.himanshu_arya.voice_input.presentation.screen.SpeechToTextScreenKt.SpeechToTextScreen.<no name provided> origin=IMPLICIT_CAST typeOperand=com.himanshu_arya.voice_input.presentation.screen.SpeechToTextScreenKt.SpeechToTextScreen.<no name provided>
                    CALL 'public final fun create (value: kotlin.Any?, $completion: kotlin.coroutines.Continuation<kotlin.Nothing>): kotlin.coroutines.Continuation<kotlin.Unit> declared in com.himanshu_arya.voice_input.presentation.screen.SpeechToTextScreenKt.SpeechToTextScreen.<no name provided>' type=kotlin.coroutines.Continuation<kotlin.Unit> origin=null
                      $this: GET_VAR '<this>: com.himanshu_arya.voice_input.presentation.screen.SpeechToTextScreenKt.SpeechToTextScreen.<no name provided> declared in com.himanshu_arya.voice_input.presentation.screen.SpeechToTextScreenKt.SpeechToTextScreen.<no name provided>.invoke' type=com.himanshu_arya.voice_input.presentation.screen.SpeechToTextScreenKt.SpeechToTextScreen.<no name provided> origin=null
                      value: GET_VAR 'p1: kotlinx.coroutines.CoroutineScope declared in com.himanshu_arya.voice_input.presentation.screen.SpeechToTextScreenKt.SpeechToTextScreen.<no name provided>.invoke' type=kotlinx.coroutines.CoroutineScope origin=null
                      $completion: GET_VAR 'p2: kotlin.coroutines.Continuation<kotlin.Unit>? declared in com.himanshu_arya.voice_input.presentation.screen.SpeechToTextScreenKt.SpeechToTextScreen.<no name provided>.invoke' type=kotlin.coroutines.Continuation<kotlin.Unit>? origin=null
                  $result: CALL 'public final fun <unsafe-coerce> <T, R> (v: T of kotlin.jvm.internal.<unsafe-coerce>): R of kotlin.jvm.internal.<unsafe-coerce> declared in kotlin.jvm.internal' type=kotlin.Result<kotlin.Any?> origin=null
                    <T>: kotlin.Any?
                    <R>: kotlin.Result<kotlin.Any?>
                    v: GET_FIELD 'FIELD FIELD_FOR_OBJECT_INSTANCE name:INSTANCE type:kotlin.Unit visibility:public [final,static]' type=kotlin.Unit origin=null
          FIELD FIELD_FOR_CAPTURED_VALUE name:$permissionLauncher type:androidx.activity.compose.ManagedActivityResultLauncher<kotlin.String, kotlin.Boolean> visibility:public/*package*/ [final]
          FIELD FIELD_FOR_CAPTURED_VALUE name:$hasAudioPermission$delegate type:androidx.compose.runtime.MutableState<kotlin.Boolean> visibility:public/*package*/ [final]
          FUN BRIDGE name:invoke visibility:public modality:OPEN <> ($this:com.himanshu_arya.voice_input.presentation.screen.SpeechToTextScreenKt.SpeechToTextScreen.<no name provided>, p1:kotlin.Any?, p2:kotlin.Any?) returnType:kotlin.Any?
            $this: VALUE_PARAMETER INSTANCE_RECEIVER name:<this> type:com.himanshu_arya.voice_input.presentation.screen.SpeechToTextScreenKt.SpeechToTextScreen.<no name provided>
            VALUE_PARAMETER BRIDGE name:p1 index:0 type:kotlin.Any?
            VALUE_PARAMETER BRIDGE name:p2 index:1 type:kotlin.Any?
            EXPRESSION_BODY
              RETURN type=kotlin.Nothing from='public open fun invoke (p1: kotlin.Any?, p2: kotlin.Any?): kotlin.Any? declared in com.himanshu_arya.voice_input.presentation.screen.SpeechToTextScreenKt.SpeechToTextScreen.<no name provided>'
                CALL 'public final fun invoke (p1: kotlinx.coroutines.CoroutineScope, p2: kotlin.coroutines.Continuation<kotlin.Unit>?): kotlin.Any? declared in com.himanshu_arya.voice_input.presentation.screen.SpeechToTextScreenKt.SpeechToTextScreen.<no name provided>' type=kotlin.Any? origin=BRIDGE_DELEGATION
                  $this: GET_VAR '<this>: com.himanshu_arya.voice_input.presentation.screen.SpeechToTextScreenKt.SpeechToTextScreen.<no name provided> declared in com.himanshu_arya.voice_input.presentation.screen.SpeechToTextScreenKt.SpeechToTextScreen.<no name provided>.invoke' type=com.himanshu_arya.voice_input.presentation.screen.SpeechToTextScreenKt.SpeechToTextScreen.<no name provided> origin=null
                  p1: TYPE_OP type=kotlinx.coroutines.CoroutineScope origin=IMPLICIT_CAST typeOperand=kotlinx.coroutines.CoroutineScope
                    GET_VAR 'p1: kotlin.Any? declared in com.himanshu_arya.voice_input.presentation.screen.SpeechToTextScreenKt.SpeechToTextScreen.<no name provided>.invoke' type=kotlin.Any? origin=null
                  p2: TYPE_OP type=kotlin.coroutines.Continuation<*> origin=IMPLICIT_CAST typeOperand=kotlin.coroutines.Continuation<*>
                    GET_VAR 'p2: kotlin.Any? declared in com.himanshu_arya.voice_input.presentation.screen.SpeechToTextScreenKt.SpeechToTextScreen.<no name provided>.invoke' type=kotlin.Any? origin=null
        CONSTRUCTOR_CALL 'public/*package*/ constructor <init> ($permissionLauncher: androidx.activity.compose.ManagedActivityResultLauncher<kotlin.String, kotlin.Boolean>, $hasAudioPermission$delegate: androidx.compose.runtime.MutableState<kotlin.Boolean>, $completion: kotlin.coroutines.Continuation<com.himanshu_arya.voice_input.presentation.screen.SpeechToTextScreenKt.SpeechToTextScreen.<no name provided>>?) [primary] declared in com.himanshu_arya.voice_input.presentation.screen.SpeechToTextScreenKt.SpeechToTextScreen.<no name provided>' type=com.himanshu_arya.voice_input.presentation.screen.SpeechToTextScreenKt.SpeechToTextScreen.<no name provided> origin=null
          $permissionLauncher: GET_VAR 'val permissionLauncher: androidx.activity.compose.ManagedActivityResultLauncher<kotlin.String, kotlin.Boolean> [val] declared in com.himanshu_arya.voice_input.presentation.screen.SpeechToTextScreenKt.SpeechToTextScreen' type=androidx.activity.compose.ManagedActivityResultLauncher<kotlin.String, kotlin.Boolean> origin=null
          $hasAudioPermission$delegate: GET_VAR 'val hasAudioPermission$delegate: androidx.compose.runtime.MutableState<kotlin.Boolean> [val] declared in com.himanshu_arya.voice_input.presentation.screen.SpeechToTextScreenKt.SpeechToTextScreen' type=androidx.compose.runtime.MutableState<kotlin.Boolean> origin=null
          $completion: CONST Null type=kotlin.Nothing? value=null
    VAR name:startRecording type:kotlin.Function0<kotlin.Unit> [val]
      BLOCK type=kotlin.Function0<kotlin.Unit> origin=LAMBDA
        COMPOSITE type=kotlin.Unit origin=null
        CALL 'public final fun <jvm-indy> <T> (dynamicCall: T of kotlin.jvm.internal.<jvm-indy>, bootstrapMethodHandle: kotlin.Any, vararg bootstrapMethodArguments: kotlin.Any): T of kotlin.jvm.internal.<jvm-indy> declared in kotlin.jvm.internal' type=kotlin.Function0<kotlin.Unit> origin=null
          <T>: kotlin.Function0<kotlin.Unit>
          dynamicCall: CALL 'public final fun invoke (p0: androidx.activity.compose.ManagedActivityResultLauncher<kotlin.String, kotlin.Boolean>, p1: com.himanshu_arya.voice_input.presentation.viewmodel.SpeechToTextViewModel, p2: androidx.compose.runtime.snapshots.SnapshotStateList<kotlin.ByteArray>, p3: kotlin.Int, p4: kotlin.Int, p5: kotlin.Int, p6: kotlin.Int, p7: kotlinx.coroutines.CoroutineScope, p8: androidx.compose.runtime.MutableState<kotlin.Boolean>, p9: androidx.compose.runtime.MutableState<kotlin.Boolean>, p10: androidx.compose.runtime.MutableState<android.media.AudioRecord?>): kotlin.Function0<kotlin.Unit> declared in kotlin.jvm.internal.invokeDynamic' type=kotlin.Function0<kotlin.Unit> origin=null
            p0: GET_VAR 'val permissionLauncher: androidx.activity.compose.ManagedActivityResultLauncher<kotlin.String, kotlin.Boolean> [val] declared in com.himanshu_arya.voice_input.presentation.screen.SpeechToTextScreenKt.SpeechToTextScreen' type=androidx.activity.compose.ManagedActivityResultLauncher<kotlin.String, kotlin.Boolean> origin=null
            p1: GET_VAR 'viewModel: com.himanshu_arya.voice_input.presentation.viewmodel.SpeechToTextViewModel declared in com.himanshu_arya.voice_input.presentation.screen.SpeechToTextScreenKt.SpeechToTextScreen' type=com.himanshu_arya.voice_input.presentation.viewmodel.SpeechToTextViewModel origin=null
            p2: GET_VAR 'val audioData: androidx.compose.runtime.snapshots.SnapshotStateList<kotlin.ByteArray> [val] declared in com.himanshu_arya.voice_input.presentation.screen.SpeechToTextScreenKt.SpeechToTextScreen' type=androidx.compose.runtime.snapshots.SnapshotStateList<kotlin.ByteArray> origin=null
            p3: GET_VAR 'val sampleRate: kotlin.Int [val] declared in com.himanshu_arya.voice_input.presentation.screen.SpeechToTextScreenKt.SpeechToTextScreen' type=kotlin.Int origin=null
            p4: GET_VAR 'val channelConfig: kotlin.Int [val] declared in com.himanshu_arya.voice_input.presentation.screen.SpeechToTextScreenKt.SpeechToTextScreen' type=kotlin.Int origin=null
            p5: GET_VAR 'val audioFormat: kotlin.Int [val] declared in com.himanshu_arya.voice_input.presentation.screen.SpeechToTextScreenKt.SpeechToTextScreen' type=kotlin.Int origin=null
            p6: GET_VAR 'val minBufferSize: kotlin.Int [val] declared in com.himanshu_arya.voice_input.presentation.screen.SpeechToTextScreenKt.SpeechToTextScreen' type=kotlin.Int origin=null
            p7: GET_VAR 'val coroutineScope: kotlinx.coroutines.CoroutineScope [val] declared in com.himanshu_arya.voice_input.presentation.screen.SpeechToTextScreenKt.SpeechToTextScreen' type=kotlinx.coroutines.CoroutineScope origin=null
            p8: GET_VAR 'val hasAudioPermission$delegate: androidx.compose.runtime.MutableState<kotlin.Boolean> [val] declared in com.himanshu_arya.voice_input.presentation.screen.SpeechToTextScreenKt.SpeechToTextScreen' type=androidx.compose.runtime.MutableState<kotlin.Boolean> origin=null
            p9: GET_VAR 'val isRecording$delegate: androidx.compose.runtime.MutableState<kotlin.Boolean> [val] declared in com.himanshu_arya.voice_input.presentation.screen.SpeechToTextScreenKt.SpeechToTextScreen' type=androidx.compose.runtime.MutableState<kotlin.Boolean> origin=null
            p10: GET_VAR 'val audioRecord$delegate: androidx.compose.runtime.MutableState<android.media.AudioRecord?> [val] declared in com.himanshu_arya.voice_input.presentation.screen.SpeechToTextScreenKt.SpeechToTextScreen' type=androidx.compose.runtime.MutableState<android.media.AudioRecord?> origin=null
          bootstrapMethodHandle: CALL 'public final fun <jvm-method-handle> (tag: kotlin.Int, owner: kotlin.String, name: kotlin.String, descriptor: kotlin.String, isInterface: kotlin.Boolean): kotlin.Any declared in kotlin.jvm.internal' type=kotlin.Any origin=null
            tag: CONST Int type=kotlin.Int value=6
            owner: CONST String type=kotlin.String value="java/lang/invoke/LambdaMetafactory"
            name: CONST String type=kotlin.String value="metafactory"
            descriptor: CONST String type=kotlin.String value="(Ljava/lang/invoke/MethodHandles$Lookup;Ljava/lang/String;Ljava/lang/invoke/MethodType;Ljava/lang/invoke/MethodType;Ljava/lang/invoke/MethodHandle;Ljava/lang/invoke/MethodType;)Ljava/lang/invoke/CallSite;"
            isInterface: CONST Boolean type=kotlin.Boolean value=false
          bootstrapMethodArguments: VARARG type=kotlin.Array<kotlin.Any> varargElementType=kotlin.Any
            CALL 'public final fun <jvm-original-method-type> (method: kotlin.Any): kotlin.Any declared in kotlin.jvm.internal' type=kotlin.Any origin=null
              method: RAW_FUNCTION_REFERENCE 'public abstract fun invoke (): R of kotlin.Function0 [operator] declared in kotlin.Function0' type=kotlin.Any
            RAW_FUNCTION_REFERENCE 'private final fun SpeechToTextScreen$lambda$13 ($permissionLauncher: androidx.activity.compose.ManagedActivityResultLauncher<kotlin.String, kotlin.Boolean>, $viewModel: com.himanshu_arya.voice_input.presentation.viewmodel.SpeechToTextViewModel, $audioData: androidx.compose.runtime.snapshots.SnapshotStateList<kotlin.ByteArray>, $sampleRate: kotlin.Int, $channelConfig: kotlin.Int, $audioFormat: kotlin.Int, $minBufferSize: kotlin.Int, $coroutineScope: kotlinx.coroutines.CoroutineScope, $hasAudioPermission$delegate: androidx.compose.runtime.MutableState<kotlin.Boolean>, $isRecording$delegate: androidx.compose.runtime.MutableState<kotlin.Boolean>, $audioRecord$delegate: androidx.compose.runtime.MutableState<android.media.AudioRecord?>): kotlin.Unit? declared in com.himanshu_arya.voice_input.presentation.screen.SpeechToTextScreenKt' type=kotlin.Any
            CALL 'public final fun <jvm-original-method-type> (method: kotlin.Any): kotlin.Any declared in kotlin.jvm.internal' type=kotlin.Any origin=null
              method: RAW_FUNCTION_REFERENCE 'public abstract fun invoke (): kotlin.Unit? [fake_override,operator] declared in kotlin.jvm.internal.invokeDynamic.<fake>' type=kotlin.Any
    VAR name:stopRecording type:kotlin.Function0<kotlin.Unit> [val]
      BLOCK type=kotlin.Function0<kotlin.Unit> origin=LAMBDA
        COMPOSITE type=kotlin.Unit origin=null
        CALL 'public final fun <jvm-indy> <T> (dynamicCall: T of kotlin.jvm.internal.<jvm-indy>, bootstrapMethodHandle: kotlin.Any, vararg bootstrapMethodArguments: kotlin.Any): T of kotlin.jvm.internal.<jvm-indy> declared in kotlin.jvm.internal' type=kotlin.Function0<kotlin.Unit> origin=null
          <T>: kotlin.Function0<kotlin.Unit>
          dynamicCall: CALL 'public final fun invoke (p0: androidx.compose.runtime.MutableState<kotlin.Boolean>, p1: androidx.compose.runtime.MutableState<android.media.AudioRecord?>): kotlin.Function0<kotlin.Unit> declared in kotlin.jvm.internal.invokeDynamic' type=kotlin.Function0<kotlin.Unit> origin=null
            p0: GET_VAR 'val isRecording$delegate: androidx.compose.runtime.MutableState<kotlin.Boolean> [val] declared in com.himanshu_arya.voice_input.presentation.screen.SpeechToTextScreenKt.SpeechToTextScreen' type=androidx.compose.runtime.MutableState<kotlin.Boolean> origin=null
            p1: GET_VAR 'val audioRecord$delegate: androidx.compose.runtime.MutableState<android.media.AudioRecord?> [val] declared in com.himanshu_arya.voice_input.presentation.screen.SpeechToTextScreenKt.SpeechToTextScreen' type=androidx.compose.runtime.MutableState<android.media.AudioRecord?> origin=null
          bootstrapMethodHandle: CALL 'public final fun <jvm-method-handle> (tag: kotlin.Int, owner: kotlin.String, name: kotlin.String, descriptor: kotlin.String, isInterface: kotlin.Boolean): kotlin.Any declared in kotlin.jvm.internal' type=kotlin.Any origin=null
            tag: CONST Int type=kotlin.Int value=6
            owner: CONST String type=kotlin.String value="java/lang/invoke/LambdaMetafactory"
            name: CONST String type=kotlin.String value="metafactory"
            descriptor: CONST String type=kotlin.String value="(Ljava/lang/invoke/MethodHandles$Lookup;Ljava/lang/String;Ljava/lang/invoke/MethodType;Ljava/lang/invoke/MethodType;Ljava/lang/invoke/MethodHandle;Ljava/lang/invoke/MethodType;)Ljava/lang/invoke/CallSite;"
            isInterface: CONST Boolean type=kotlin.Boolean value=false
          bootstrapMethodArguments: VARARG type=kotlin.Array<kotlin.Any> varargElementType=kotlin.Any
            CALL 'public final fun <jvm-original-method-type> (method: kotlin.Any): kotlin.Any declared in kotlin.jvm.internal' type=kotlin.Any origin=null
              method: RAW_FUNCTION_REFERENCE 'public abstract fun invoke (): R of kotlin.Function0 [operator] declared in kotlin.Function0' type=kotlin.Any
            RAW_FUNCTION_REFERENCE 'private final fun SpeechToTextScreen$lambda$15 ($isRecording$delegate: androidx.compose.runtime.MutableState<kotlin.Boolean>, $audioRecord$delegate: androidx.compose.runtime.MutableState<android.media.AudioRecord?>): kotlin.Unit? declared in com.himanshu_arya.voice_input.presentation.screen.SpeechToTextScreenKt' type=kotlin.Any
            CALL 'public final fun <jvm-original-method-type> (method: kotlin.Any): kotlin.Any declared in kotlin.jvm.internal' type=kotlin.Any origin=null
              method: RAW_FUNCTION_REFERENCE 'public abstract fun invoke (): kotlin.Unit? [fake_override,operator] declared in kotlin.jvm.internal.invokeDynamic.<fake>' type=kotlin.Any
    CALL 'public final fun DisposableEffect (key1: kotlin.Any?, effect: @[ExtensionFunctionType] kotlin.Function1<androidx.compose.runtime.DisposableEffectScope, androidx.compose.runtime.DisposableEffectResult>): kotlin.Unit declared in androidx.compose.runtime.EffectsKt' type=kotlin.Unit origin=null
      key1: GET_VAR 'val lifecycleOwner: androidx.lifecycle.LifecycleOwner [val] declared in com.himanshu_arya.voice_input.presentation.screen.SpeechToTextScreenKt.SpeechToTextScreen' type=androidx.lifecycle.LifecycleOwner origin=null
      effect: BLOCK type=@[ExtensionFunctionType] kotlin.Function1<androidx.compose.runtime.DisposableEffectScope, androidx.compose.runtime.DisposableEffectResult> origin=LAMBDA
        COMPOSITE type=kotlin.Unit origin=null
        CALL 'public final fun <jvm-indy> <T> (dynamicCall: T of kotlin.jvm.internal.<jvm-indy>, bootstrapMethodHandle: kotlin.Any, vararg bootstrapMethodArguments: kotlin.Any): T of kotlin.jvm.internal.<jvm-indy> declared in kotlin.jvm.internal' type=@[ExtensionFunctionType] kotlin.Function1<androidx.compose.runtime.DisposableEffectScope, androidx.compose.runtime.DisposableEffectResult> origin=null
          <T>: @[ExtensionFunctionType] kotlin.Function1<androidx.compose.runtime.DisposableEffectScope, androidx.compose.runtime.DisposableEffectResult>
          dynamicCall: CALL 'public final fun invoke (p0: androidx.lifecycle.LifecycleOwner, p1: kotlin.Function0<kotlin.Unit>, p2: androidx.compose.runtime.MutableState<kotlin.Boolean>, p3: androidx.compose.runtime.MutableState<android.media.AudioRecord?>): @[ExtensionFunctionType] kotlin.Function1<androidx.compose.runtime.DisposableEffectScope, androidx.compose.runtime.DisposableEffectResult> declared in kotlin.jvm.internal.invokeDynamic' type=@[ExtensionFunctionType] kotlin.Function1<androidx.compose.runtime.DisposableEffectScope, androidx.compose.runtime.DisposableEffectResult> origin=null
            p0: GET_VAR 'val lifecycleOwner: androidx.lifecycle.LifecycleOwner [val] declared in com.himanshu_arya.voice_input.presentation.screen.SpeechToTextScreenKt.SpeechToTextScreen' type=androidx.lifecycle.LifecycleOwner origin=null
            p1: GET_VAR 'val stopRecording: kotlin.Function0<kotlin.Unit> [val] declared in com.himanshu_arya.voice_input.presentation.screen.SpeechToTextScreenKt.SpeechToTextScreen' type=kotlin.Function0<kotlin.Unit> origin=null
            p2: GET_VAR 'val isRecording$delegate: androidx.compose.runtime.MutableState<kotlin.Boolean> [val] declared in com.himanshu_arya.voice_input.presentation.screen.SpeechToTextScreenKt.SpeechToTextScreen' type=androidx.compose.runtime.MutableState<kotlin.Boolean> origin=null
            p3: GET_VAR 'val audioRecord$delegate: androidx.compose.runtime.MutableState<android.media.AudioRecord?> [val] declared in com.himanshu_arya.voice_input.presentation.screen.SpeechToTextScreenKt.SpeechToTextScreen' type=androidx.compose.runtime.MutableState<android.media.AudioRecord?> origin=null
          bootstrapMethodHandle: CALL 'public final fun <jvm-method-handle> (tag: kotlin.Int, owner: kotlin.String, name: kotlin.String, descriptor: kotlin.String, isInterface: kotlin.Boolean): kotlin.Any declared in kotlin.jvm.internal' type=kotlin.Any origin=null
            tag: CONST Int type=kotlin.Int value=6
            owner: CONST String type=kotlin.String value="java/lang/invoke/LambdaMetafactory"
            name: CONST String type=kotlin.String value="metafactory"
            descriptor: CONST String type=kotlin.String value="(Ljava/lang/invoke/MethodHandles$Lookup;Ljava/lang/String;Ljava/lang/invoke/MethodType;Ljava/lang/invoke/MethodType;Ljava/lang/invoke/MethodHandle;Ljava/lang/invoke/MethodType;)Ljava/lang/invoke/CallSite;"
            isInterface: CONST Boolean type=kotlin.Boolean value=false
          bootstrapMethodArguments: VARARG type=kotlin.Array<kotlin.Any> varargElementType=kotlin.Any
            CALL 'public final fun <jvm-original-method-type> (method: kotlin.Any): kotlin.Any declared in kotlin.jvm.internal' type=kotlin.Any origin=null
              method: RAW_FUNCTION_REFERENCE 'public abstract fun invoke (p1: P1 of kotlin.Function1): R of kotlin.Function1 [operator] declared in kotlin.Function1' type=kotlin.Any
            RAW_FUNCTION_REFERENCE 'private final fun SpeechToTextScreen$lambda$18 ($lifecycleOwner: androidx.lifecycle.LifecycleOwner, $stopRecording: kotlin.Function0<kotlin.Unit>, $isRecording$delegate: androidx.compose.runtime.MutableState<kotlin.Boolean>, $audioRecord$delegate: androidx.compose.runtime.MutableState<android.media.AudioRecord?>, $this$DisposableEffect: androidx.compose.runtime.DisposableEffectScope): androidx.compose.runtime.DisposableEffectResult declared in com.himanshu_arya.voice_input.presentation.screen.SpeechToTextScreenKt' type=kotlin.Any
            CALL 'public final fun <jvm-original-method-type> (method: kotlin.Any): kotlin.Any declared in kotlin.jvm.internal' type=kotlin.Any origin=null
              method: RAW_FUNCTION_REFERENCE 'public abstract fun invoke (p1: androidx.compose.runtime.DisposableEffectScope): androidx.compose.runtime.DisposableEffectResult [fake_override,operator] declared in kotlin.jvm.internal.invokeDynamic.<fake>' type=kotlin.Any
    CALL 'public final fun Surface-PPo6-fI$default (modifier: androidx.compose.ui.Modifier?, shape: androidx.compose.ui.graphics.Shape?, color: androidx.compose.ui.graphics.Color, contentColor: androidx.compose.ui.graphics.Color, tonalElevation: androidx.compose.ui.unit.Dp, shadowElevation: androidx.compose.ui.unit.Dp, border: androidx.compose.foundation.BorderStroke?, content: @[Composable] kotlin.Function0<kotlin.Unit>, $mask0: kotlin.Int, $handler: kotlin.Any?): kotlin.Unit declared in androidx.compose.material3.SurfaceKt' type=kotlin.Unit origin=DEFAULT_DISPATCH_CALL
      modifier: CALL 'public final fun fillMaxSize$default (fraction: kotlin.Float, $mask0: kotlin.Int, $handler: kotlin.Any?): androidx.compose.ui.Modifier declared in androidx.compose.foundation.layout.SizeKt' type=androidx.compose.ui.Modifier origin=DEFAULT_DISPATCH_CALL
        $receiver: GET_FIELD 'FIELD FIELD_FOR_OBJECT_INSTANCE name:Companion type:androidx.compose.ui.Modifier.Companion visibility:public [final,static]' type=androidx.compose.ui.Modifier.Companion origin=null
        fraction: COMPOSITE type=kotlin.Float origin=DEFAULT_VALUE
          CONST Float type=kotlin.Float value=0.0
        $mask0: CONST Int type=kotlin.Int value=1
        $handler: CONST Null type=kotlin.Any? value=null
      shape: COMPOSITE type=androidx.compose.ui.graphics.Shape? origin=DEFAULT_VALUE
        CONST Null type=androidx.compose.ui.graphics.Shape? value=null
      color: CALL 'public final fun getBackground-0d7_KjU (): androidx.compose.ui.graphics.Color declared in androidx.compose.material3.ColorScheme' type=androidx.compose.ui.graphics.Color origin=GET_PROPERTY
        $this: CALL 'public final fun <get-colorScheme> (): androidx.compose.material3.ColorScheme declared in androidx.compose.material3.MaterialTheme' type=androidx.compose.material3.ColorScheme origin=GET_PROPERTY
          $this: GET_FIELD 'FIELD FIELD_FOR_OBJECT_INSTANCE name:INSTANCE type:androidx.compose.material3.MaterialTheme visibility:public [final,static]' type=androidx.compose.material3.MaterialTheme origin=null
      contentColor: COMPOSITE type=androidx.compose.ui.graphics.Color origin=DEFAULT_VALUE
        CALL 'public final fun <unsafe-coerce> <T, R> (v: T of kotlin.jvm.internal.<unsafe-coerce>): R of kotlin.jvm.internal.<unsafe-coerce> declared in kotlin.jvm.internal' type=androidx.compose.ui.graphics.Color origin=null
          <T>: kotlin.Long
          <R>: androidx.compose.ui.graphics.Color
          v: CONST Long type=kotlin.Long value=0
      tonalElevation: COMPOSITE type=androidx.compose.ui.unit.Dp origin=DEFAULT_VALUE
        CALL 'public final fun <unsafe-coerce> <T, R> (v: T of kotlin.jvm.internal.<unsafe-coerce>): R of kotlin.jvm.internal.<unsafe-coerce> declared in kotlin.jvm.internal' type=androidx.compose.ui.unit.Dp origin=null
          <T>: kotlin.Float
          <R>: androidx.compose.ui.unit.Dp
          v: CONST Float type=kotlin.Float value=0.0
      shadowElevation: COMPOSITE type=androidx.compose.ui.unit.Dp origin=DEFAULT_VALUE
        CALL 'public final fun <unsafe-coerce> <T, R> (v: T of kotlin.jvm.internal.<unsafe-coerce>): R of kotlin.jvm.internal.<unsafe-coerce> declared in kotlin.jvm.internal' type=androidx.compose.ui.unit.Dp origin=null
          <T>: kotlin.Float
          <R>: androidx.compose.ui.unit.Dp
          v: CONST Float type=kotlin.Float value=0.0
      border: COMPOSITE type=androidx.compose.foundation.BorderStroke? origin=DEFAULT_VALUE
        CONST Null type=androidx.compose.foundation.BorderStroke? value=null
      content: BLOCK type=kotlin.Function0<kotlin.Unit> origin=LAMBDA
        COMPOSITE type=kotlin.Unit origin=null
        CALL 'public final fun <jvm-indy> <T> (dynamicCall: T of kotlin.jvm.internal.<jvm-indy>, bootstrapMethodHandle: kotlin.Any, vararg bootstrapMethodArguments: kotlin.Any): T of kotlin.jvm.internal.<jvm-indy> declared in kotlin.jvm.internal' type=kotlin.Function0<kotlin.Unit> origin=null
          <T>: kotlin.Function0<kotlin.Unit>
          dynamicCall: CALL 'public final fun invoke (p0: androidx.compose.runtime.State<com.himanshu_arya.voice_input.presentation.viewmodel.TranscriptionState>, p1: kotlin.Function0<kotlin.Unit>, p2: kotlin.Function0<kotlin.Unit>, p3: androidx.compose.runtime.MutableState<kotlin.Boolean>, p4: androidx.compose.runtime.MutableState<kotlin.Boolean>, p5: androidx.activity.compose.ManagedActivityResultLauncher<kotlin.String, kotlin.Boolean>): kotlin.Function0<kotlin.Unit> declared in kotlin.jvm.internal.invokeDynamic' type=kotlin.Function0<kotlin.Unit> origin=null
            p0: GET_VAR 'val transcriptionState$delegate: androidx.compose.runtime.State<com.himanshu_arya.voice_input.presentation.viewmodel.TranscriptionState> [val] declared in com.himanshu_arya.voice_input.presentation.screen.SpeechToTextScreenKt.SpeechToTextScreen' type=androidx.compose.runtime.State<com.himanshu_arya.voice_input.presentation.viewmodel.TranscriptionState> origin=null
            p1: GET_VAR 'val stopRecording: kotlin.Function0<kotlin.Unit> [val] declared in com.himanshu_arya.voice_input.presentation.screen.SpeechToTextScreenKt.SpeechToTextScreen' type=kotlin.Function0<kotlin.Unit> origin=null
            p2: GET_VAR 'val startRecording: kotlin.Function0<kotlin.Unit> [val] declared in com.himanshu_arya.voice_input.presentation.screen.SpeechToTextScreenKt.SpeechToTextScreen' type=kotlin.Function0<kotlin.Unit> origin=null
            p3: GET_VAR 'val isRecording$delegate: androidx.compose.runtime.MutableState<kotlin.Boolean> [val] declared in com.himanshu_arya.voice_input.presentation.screen.SpeechToTextScreenKt.SpeechToTextScreen' type=androidx.compose.runtime.MutableState<kotlin.Boolean> origin=null
            p4: GET_VAR 'val hasAudioPermission$delegate: androidx.compose.runtime.MutableState<kotlin.Boolean> [val] declared in com.himanshu_arya.voice_input.presentation.screen.SpeechToTextScreenKt.SpeechToTextScreen' type=androidx.compose.runtime.MutableState<kotlin.Boolean> origin=null
            p5: GET_VAR 'val permissionLauncher: androidx.activity.compose.ManagedActivityResultLauncher<kotlin.String, kotlin.Boolean> [val] declared in com.himanshu_arya.voice_input.presentation.screen.SpeechToTextScreenKt.SpeechToTextScreen' type=androidx.activity.compose.ManagedActivityResultLauncher<kotlin.String, kotlin.Boolean> origin=null
          bootstrapMethodHandle: CALL 'public final fun <jvm-method-handle> (tag: kotlin.Int, owner: kotlin.String, name: kotlin.String, descriptor: kotlin.String, isInterface: kotlin.Boolean): kotlin.Any declared in kotlin.jvm.internal' type=kotlin.Any origin=null
            tag: CONST Int type=kotlin.Int value=6
            owner: CONST String type=kotlin.String value="java/lang/invoke/LambdaMetafactory"
            name: CONST String type=kotlin.String value="metafactory"
            descriptor: CONST String type=kotlin.String value="(Ljava/lang/invoke/MethodHandles$Lookup;Ljava/lang/String;Ljava/lang/invoke/MethodType;Ljava/lang/invoke/MethodType;Ljava/lang/invoke/MethodHandle;Ljava/lang/invoke/MethodType;)Ljava/lang/invoke/CallSite;"
            isInterface: CONST Boolean type=kotlin.Boolean value=false
          bootstrapMethodArguments: VARARG type=kotlin.Array<kotlin.Any> varargElementType=kotlin.Any
            CALL 'public final fun <jvm-original-method-type> (method: kotlin.Any): kotlin.Any declared in kotlin.jvm.internal' type=kotlin.Any origin=null
              method: RAW_FUNCTION_REFERENCE 'public abstract fun invoke (): R of kotlin.Function0 [operator] declared in kotlin.Function0' type=kotlin.Any
            RAW_FUNCTION_REFERENCE 'private final fun SpeechToTextScreen$lambda$24 ($transcriptionState$delegate: androidx.compose.runtime.State<com.himanshu_arya.voice_input.presentation.viewmodel.TranscriptionState>, $stopRecording: kotlin.Function0<kotlin.Unit>, $startRecording: kotlin.Function0<kotlin.Unit>, $isRecording$delegate: androidx.compose.runtime.MutableState<kotlin.Boolean>, $hasAudioPermission$delegate: androidx.compose.runtime.MutableState<kotlin.Boolean>, $permissionLauncher: androidx.activity.compose.ManagedActivityResultLauncher<kotlin.String, kotlin.Boolean>): kotlin.Unit? declared in com.himanshu_arya.voice_input.presentation.screen.SpeechToTextScreenKt' type=kotlin.Any
            CALL 'public final fun <jvm-original-method-type> (method: kotlin.Any): kotlin.Any declared in kotlin.jvm.internal' type=kotlin.Any origin=null
              method: RAW_FUNCTION_REFERENCE 'public abstract fun invoke (): kotlin.Unit? [fake_override,operator] declared in kotlin.jvm.internal.invokeDynamic.<fake>' type=kotlin.Any
      $mask0: CONST Int type=kotlin.Int value=122
      $handler: CONST Null type=kotlin.Any? value=null

	at org.jetbrains.kotlin.backend.jvm.codegen.FunctionCodegen.generate(FunctionCodegen.kt:50)
	at org.jetbrains.kotlin.backend.jvm.codegen.FunctionCodegen.generate$default(FunctionCodegen.kt:42)
	at org.jetbrains.kotlin.backend.jvm.codegen.ClassCodegen.generateMethodNode(ClassCodegen.kt:385)
	at org.jetbrains.kotlin.backend.jvm.codegen.ClassCodegen.generateMethod(ClassCodegen.kt:402)
	at org.jetbrains.kotlin.backend.jvm.codegen.ClassCodegen.generate(ClassCodegen.kt:169)
	at org.jetbrains.kotlin.backend.jvm.FileCodegen.lower(JvmPhases.kt:41)
	at org.jetbrains.kotlin.backend.common.phaser.PhaseBuildersKt.makeIrFilePhase$lambda$5(PhaseBuilders.kt:114)
	at org.jetbrains.kotlin.backend.common.phaser.PhaseBuildersKt$createSimpleNamedCompilerPhase$1.phaseBody(PhaseBuilders.kt:71)
	at org.jetbrains.kotlin.backend.common.phaser.SimpleNamedCompilerPhase.phaseBody(CompilerPhase.kt:226)
	at org.jetbrains.kotlin.backend.common.phaser.AbstractNamedCompilerPhase.invoke(CompilerPhase.kt:113)
	at org.jetbrains.kotlin.backend.common.phaser.PerformByIrFilePhase.invokeSequential(performByIrFile.kt:62)
	... 43 more
Caused by: org.jetbrains.kotlin.codegen.CompilationException: Back-end (JVM) Internal error: Couldn't inline method call: CALL 'public final fun <get-current> (): T of androidx.compose.runtime.CompositionLocal [inline] declared in androidx.compose.runtime.CompositionLocal' type=android.content.Context origin=GET_PROPERTY
Method: null
File is unknown
The root cause java.lang.IllegalStateException was thrown at: org.jetbrains.kotlin.codegen.inline.SourceCompilerForInlineKt.getMethodNode(SourceCompilerForInline.kt:118)
	at org.jetbrains.kotlin.codegen.inline.InlineCodegen.performInline(InlineCodegen.kt:65)
	at org.jetbrains.kotlin.backend.jvm.codegen.IrInlineCodegen.genInlineCall(IrInlineCodegen.kt:162)
	at org.jetbrains.kotlin.backend.jvm.codegen.IrInlineCallGenerator.genCall(IrInlineCallGenerator.kt:36)
	at org.jetbrains.kotlin.backend.jvm.codegen.ExpressionCodegen.visitCall(ExpressionCodegen.kt:647)
	at org.jetbrains.kotlin.backend.jvm.codegen.ExpressionCodegen.visitCall(ExpressionCodegen.kt:137)
	at org.jetbrains.kotlin.ir.expressions.IrCall.accept(IrCall.kt:24)
	at org.jetbrains.kotlin.backend.jvm.codegen.ExpressionCodegen.visitVariable(ExpressionCodegen.kt:784)
	at org.jetbrains.kotlin.backend.jvm.codegen.ExpressionCodegen.visitVariable(ExpressionCodegen.kt:137)
	at org.jetbrains.kotlin.ir.declarations.IrVariable.accept(IrVariable.kt:36)
	at org.jetbrains.kotlin.backend.jvm.codegen.ExpressionCodegen.visitStatementContainer(ExpressionCodegen.kt:573)
	at org.jetbrains.kotlin.backend.jvm.codegen.ExpressionCodegen.visitBlockBody(ExpressionCodegen.kt:578)
	at org.jetbrains.kotlin.backend.jvm.codegen.ExpressionCodegen.visitBlockBody(ExpressionCodegen.kt:137)
	at org.jetbrains.kotlin.ir.expressions.IrBlockBody.accept(IrBlockBody.kt:20)
	at org.jetbrains.kotlin.backend.jvm.codegen.ExpressionCodegen.generate(ExpressionCodegen.kt:239)
	at org.jetbrains.kotlin.backend.jvm.codegen.FunctionCodegen.doGenerate(FunctionCodegen.kt:121)
	at org.jetbrains.kotlin.backend.jvm.codegen.FunctionCodegen.generate(FunctionCodegen.kt:46)
	... 53 more
Caused by: java.lang.IllegalStateException: couldn't find inline method Landroidx/compose/runtime/CompositionLocal;.getCurrent()Ljava/lang/Object;
	at org.jetbrains.kotlin.codegen.inline.SourceCompilerForInlineKt.getMethodNode(SourceCompilerForInline.kt:118)
	at org.jetbrains.kotlin.codegen.inline.SourceCompilerForInlineKt.loadCompiledInlineFunction(SourceCompilerForInline.kt:96)
	at org.jetbrains.kotlin.backend.jvm.codegen.IrSourceCompilerForInline.compileInlineFunction(IrSourceCompilerForInline.kt:91)
	at org.jetbrains.kotlin.codegen.inline.InlineCodegen.compileInline(InlineCodegen.kt:43)
	at org.jetbrains.kotlin.codegen.inline.InlineCodegen.performInline(InlineCodegen.kt:51)
	... 68 more


